0.9678 	WARNING 	We strongly recommend you activate the PTB sound engine in PsychoPy prefs as the preferred audio engine. Its timing is vastly superior. Your prefs are currently set to use ['sounddevice', 'PTB', 'pyo', 'pygame'] (in that order).
4.4162 	WARNING 	User requested fullscreen with size [1024  768], but screen is actually [1920, 1080]. Using actual size
6.3156 	EXP 	Created window1 = Window(allowGUI=False, allowStencil=False, args=UNKNOWN, autoLog=True, bitsMode=UNKNOWN, blendMode='avg', bpc=(8, 8, 8), color=array([0., 0., 0.]), colorSpace='rgb', depthBits=8, fullscr=<method-wrapper '__getattribute__' of attributeSetter object at 0x0000024868F55208>, gamma=None, gammaErrorPolicy='raise', kwargs=UNKNOWN, lms=UNKNOWN, monitor=<psychopy.monitors.calibTools.Monitor object at 0x0000024868EC1518>, multiSample=False, name='window1', numSamples=2, pos=[0.0, 0.0], screen=0, size=array([1920, 1080]), stencilBits=0, stereo=False, units='height', useFBO=True, useRetina=False, viewOri=0.0, viewPos=None, viewScale=None, waitBlanking=True, winType='pyglet')
6.3162 	EXP 	window1: mouseVisible = True
6.3163 	EXP 	window1: recordFrameIntervals = False
6.4807 	EXP 	window1: recordFrameIntervals = True
6.6638 	EXP 	window1: recordFrameIntervals = False
6.7883 	EXP 	Created text_lextale_instructions = TextStim(__class__=<class 'psychopy.visual.text.TextStim'>, alignHoriz=method-wrapper(...), alignText='center', alignVert=method-wrapper(...), anchorHoriz='center', anchorVert='center', antialias=True, autoLog=True, bold=False, color='white', colorSpace='named', contrast=1.0, depth=0.0, flipHoriz=False, flipVert=False, font='Arial', fontFiles=[], height=0.05, italic=False, languageStyle='LTR', name='text_lextale_instructions', opacity=1.0, ori=0, pos=array([0., 0.]), rgb=array([255., 255., 255.]), text='default text', units='height', win=Window(...), wrapWidth=0.8)
6.7971 	EXP 	Created text_lextale_instructions_continue = TextStim(__class__=<class 'psychopy.visual.text.TextStim'>, alignHoriz=method-wrapper(...), alignText='center', alignVert=method-wrapper(...), anchorHoriz='center', anchorVert='center', antialias=True, autoLog=True, bold=False, color='white', colorSpace='named', contrast=1.0, depth=-2.0, flipHoriz=False, flipVert=False, font='Arial', fontFiles=[], height=0.04, italic=False, languageStyle='LTR', name='text_lextale_instructions_continue', opacity=1.0, ori=0, pos=array([ 0.  , -0.35]), rgb=array([255., 255., 255.]), text='default text', units='height', win=Window(...), wrapWidth=1)
6.8134 	EXP 	Created text_lextale_practice_label = TextStim(__class__=<class 'psychopy.visual.text.TextStim'>, alignHoriz=method-wrapper(...), alignText='center', alignVert=method-wrapper(...), anchorHoriz='center', anchorVert='center', antialias=True, autoLog=True, bold=False, color='red', colorSpace='named', contrast=1.0, depth=0.0, flipHoriz=False, flipVert=False, font='Arial', fontFiles=[], height=0.1, italic=False, languageStyle='LTR', name='text_lextale_practice_label', opacity=1.0, ori=0, pos=array([0. , 0.3]), rgb=array([255.,   0.,   0.]), text='PRÁCTICA', units='height', win=Window(...), wrapWidth=1)
6.8247 	EXP 	Created text_lextale_practice_word = TextStim(__class__=<class 'psychopy.visual.text.TextStim'>, alignHoriz=method-wrapper(...), alignText='center', alignVert=method-wrapper(...), anchorHoriz='center', anchorVert='center', antialias=True, autoLog=True, bold=False, color='blue', colorSpace='named', contrast=1.0, depth=-1.0, flipHoriz=False, flipVert=False, font='Arial', fontFiles=[], height=0.1, italic=False, languageStyle='LTR', name='text_lextale_practice_word', opacity=1.0, ori=0, pos=array([0., 0.]), rgb=array([  0.,   0., 255.]), text='default text', units='height', win=Window(...), wrapWidth=1)
6.8287 	EXP 	Created text_lextale_practice_real_label = TextStim(__class__=<class 'psychopy.visual.text.TextStim'>, alignHoriz=method-wrapper(...), alignText='center', alignVert=method-wrapper(...), anchorHoriz='center', anchorVert='center', antialias=True, autoLog=True, bold=False, color='white', colorSpace='named', contrast=1.0, depth=-3.0, flipHoriz=False, flipVert=False, font='Arial', fontFiles=[], height=0.1, italic=False, languageStyle='LTR', name='text_lextale_practice_real_label', opacity=1.0, ori=0, pos=array([-0.3, -0.3]), rgb=array([255., 255., 255.]), text='default text', units='height', win=Window(...), wrapWidth=1)
6.8308 	EXP 	Created text_lextale_practice_false_label = TextStim(__class__=<class 'psychopy.visual.text.TextStim'>, alignHoriz=method-wrapper(...), alignText='center', alignVert=method-wrapper(...), anchorHoriz='center', anchorVert='center', antialias=True, autoLog=True, bold=False, color='white', colorSpace='named', contrast=1.0, depth=-4.0, flipHoriz=False, flipVert=False, font='Arial', fontFiles=[], height=0.1, italic=False, languageStyle='LTR', name='text_lextale_practice_false_label', opacity=1.0, ori=0, pos=array([ 0.3, -0.3]), rgb=array([255., 255., 255.]), text='default text', units='height', win=Window(...), wrapWidth=1)
6.8333 	EXP 	Created text_lextale_practice_feedback = TextStim(__class__=<class 'psychopy.visual.text.TextStim'>, alignHoriz=method-wrapper(...), alignText='center', alignVert=method-wrapper(...), anchorHoriz='center', anchorVert='center', antialias=True, autoLog=True, bold=False, color='white', colorSpace='named', contrast=1.0, depth=-1.0, flipHoriz=False, flipVert=False, font='Arial', fontFiles=[], height=0.1, italic=False, languageStyle='LTR', name='text_lextale_practice_feedback', opacity=1.0, ori=0, pos=array([0., 0.]), rgb=array([255., 255., 255.]), text='default text', units='height', win=Window(...), wrapWidth=1)
6.8558 	EXP 	Created text_lextale_check = TextStim(__class__=<class 'psychopy.visual.text.TextStim'>, alignHoriz=method-wrapper(...), alignText='center', alignVert=method-wrapper(...), anchorHoriz='center', anchorVert='center', antialias=True, autoLog=True, bold=False, color='white', colorSpace='named', contrast=1.0, depth=0.0, flipHoriz=False, flipVert=False, font='Arial', fontFiles=[], height=0.1, italic=False, languageStyle='LTR', name='text_lextale_check', opacity=1.0, ori=0, pos=array([0., 0.]), rgb=array([255., 255., 255.]), text=str(...), units='height', win=Window(...), wrapWidth=1)
6.8584 	EXP 	Created text_lextale_trial_word = TextStim(__class__=<class 'psychopy.visual.text.TextStim'>, alignHoriz=method-wrapper(...), alignText='center', alignVert=method-wrapper(...), anchorHoriz='center', anchorVert='center', antialias=True, autoLog=True, bold=False, color='blue', colorSpace='named', contrast=1.0, depth=0.0, flipHoriz=False, flipVert=False, font='Arial', fontFiles=[], height=0.1, italic=False, languageStyle='LTR', name='text_lextale_trial_word', opacity=1.0, ori=0, pos=array([0., 0.]), rgb=array([  0.,   0., 255.]), text='default text', units='height', win=Window(...), wrapWidth=1)
6.8618 	EXP 	Created text_lextale_trial_real_label = TextStim(__class__=<class 'psychopy.visual.text.TextStim'>, alignHoriz=method-wrapper(...), alignText='center', alignVert=method-wrapper(...), anchorHoriz='center', anchorVert='center', antialias=True, autoLog=True, bold=False, color='white', colorSpace='named', contrast=1.0, depth=-2.0, flipHoriz=False, flipVert=False, font='Arial', fontFiles=[], height=0.1, italic=False, languageStyle='LTR', name='text_lextale_trial_real_label', opacity=1.0, ori=0, pos=array([-0.3, -0.3]), rgb=array([255., 255., 255.]), text='default text', units='height', win=Window(...), wrapWidth=1)
6.8642 	EXP 	Created text_lextale_trial_false_label = TextStim(__class__=<class 'psychopy.visual.text.TextStim'>, alignHoriz=method-wrapper(...), alignText='center', alignVert=method-wrapper(...), anchorHoriz='center', anchorVert='center', antialias=True, autoLog=True, bold=False, color='white', colorSpace='named', contrast=1.0, depth=-3.0, flipHoriz=False, flipVert=False, font='Arial', fontFiles=[], height=0.1, italic=False, languageStyle='LTR', name='text_lextale_trial_false_label', opacity=1.0, ori=0, pos=array([ 0.3, -0.3]), rgb=array([255., 255., 255.]), text='default text', units='height', win=Window(...), wrapWidth=1)
6.8870 	EXP 	Imported instructions/lextale_instructions_text.csv as conditions, 4 conditions, 2 params
6.8872 	EXP 	Created sequence: sequential, trialTypes=4, nReps=1, seed=None
6.8874 	EXP 	New trial (rep=0, index=0): OrderedDict([('instructions_text', "Este es un test de vocabulario en español. \r\n  \r\n  A continuación vas a ver 90 secuencias de letras que parecen 'españolas'.\r\n  \r\n  Solo algunas de ellas son palabras de verdad."), ('continue_text', '(presiona la barra espaciadora para continuar)')])
6.9612 	EXP 	text_lextale_instructions: text = "Este es un test de vocabulario en español. \r\n  \r\n  A continuación vas a ver 90 secuencias de letras que parecen 'españolas'.\r\n  \r\n  Solo algunas de ellas son palabras de verdad."
6.9612 	EXP 	text_lextale_instructions_continue: text = '(presiona la barra espaciadora para continuar)'
6.9612 	EXP 	text_lextale_instructions: autoDraw = True
7.3531 	DATA 	Keypress: space
7.3705 	EXP 	New trial (rep=0, index=1): OrderedDict([('instructions_text', 'Por favor, señala las palabras que tú conoces (aquellas que estás convencido que son palabras españolas, incluso aunque no seas capaz de dar el significado preciso).'), ('continue_text', '(presiona la barra espaciadora para continuar)')])
7.4094 	EXP 	text_lextale_instructions: autoDraw = False
7.4094 	EXP 	text_lextale_instructions_continue: autoDraw = False
7.4094 	EXP 	text_lextale_instructions: text = 'Por favor, señala las palabras que tú conoces (aquellas que estás convencido que son palabras españolas, incluso aunque no seas capaz de dar el significado preciso).'
7.4094 	EXP 	text_lextale_instructions_continue: text = '(presiona la barra espaciadora para continuar)'
7.4094 	EXP 	text_lextale_instructions: autoDraw = True
8.2181 	EXP 	New trial (rep=0, index=2): OrderedDict([('instructions_text', 'Pero cuidado: los errores se penalizan. Por eso no tiene sentido tratar de incrementar tu puntuación marcando como reales palabras que nunca has visto.'), ('continue_text', '(presiona la barra espaciadora para continuar)')])
8.2337 	DATA 	Keypress: space
8.2364 	EXP 	text_lextale_instructions: autoDraw = False
8.2364 	EXP 	text_lextale_instructions_continue: autoDraw = False
8.2364 	EXP 	text_lextale_instructions: text = 'Pero cuidado: los errores se penalizan. Por eso no tiene sentido tratar de incrementar tu puntuación marcando como reales palabras que nunca has visto.'
8.2364 	EXP 	text_lextale_instructions_continue: text = '(presiona la barra espaciadora para continuar)'
8.2364 	EXP 	text_lextale_instructions: autoDraw = True
8.7676 	EXP 	New trial (rep=0, index=3): OrderedDict([('instructions_text', 'Presiona la tecla 1 si piensas que es una palabra real y la tecla \r\n  0 si piensas que es una palabra falsa. \r\n  \r\n  Vamos a practicar un poco...'), ('continue_text', '(presiona la barra espaciadora para continuar)')])
8.7822 	DATA 	Keypress: space
8.7848 	EXP 	text_lextale_instructions: autoDraw = False
8.7848 	EXP 	text_lextale_instructions_continue: autoDraw = False
8.7848 	EXP 	text_lextale_instructions: text = 'Presiona la tecla 1 si piensas que es una palabra real y la tecla \r\n  0 si piensas que es una palabra falsa. \r\n  \r\n  Vamos a practicar un poco...'
8.7848 	EXP 	text_lextale_instructions_continue: text = '(presiona la barra espaciadora para continuar)'
8.7848 	EXP 	text_lextale_instructions: autoDraw = True
9.2348 	EXP 	Imported trials/lextale_practice_trials.csv as conditions, 12 conditions, 5 params
9.2354 	EXP 	Created sequence: sequential, trialTypes=12, nReps=1, seed=None
9.2361 	EXP 	New trial (rep=0, index=0): OrderedDict([('stim', 0), ('word', 'depiste'), ('correct_response', 0), ('prac_button_real', 'REAL'), ('prac_button_false', 'FALSA')])
9.2573 	DATA 	Keypress: space
9.2599 	EXP 	text_lextale_instructions: autoDraw = False
9.2599 	EXP 	text_lextale_instructions_continue: autoDraw = False
9.2599 	EXP 	text_lextale_practice_word: text = 'depiste'
9.2599 	EXP 	text_lextale_practice_real_label: text = 'REAL'
9.2599 	EXP 	text_lextale_practice_false_label: text = 'FALSA'
9.2599 	EXP 	text_lextale_practice_label: autoDraw = True
9.4973 	EXP 	text_lextale_practice_real_label: autoDraw = True
9.4973 	EXP 	text_lextale_practice_false_label: autoDraw = True
9.7473 	EXP 	text_lextale_practice_word: autoDraw = True
10.2518 	DATA 	Keypress: left
11.6056 	DATA 	Keypress: left
13.4064 	DATA 	Keypress: 1
13.4091 	EXP 	text_lextale_practice_label: autoDraw = False
13.4091 	EXP 	text_lextale_practice_word: autoDraw = False
13.4091 	EXP 	text_lextale_practice_real_label: autoDraw = False
13.4091 	EXP 	text_lextale_practice_false_label: autoDraw = False
13.4091 	EXP 	text_lextale_practice_feedback: text = 'Ooo! Te has equivocado!'
13.4091 	EXP 	text_lextale_practice_feedback: autoDraw = True
14.3987 	EXP 	New trial (rep=0, index=1): OrderedDict([('stim', 0), ('word', 'sí'), ('correct_response', 1), ('prac_button_real', 'REAL'), ('prac_button_false', 'FALSA')])
14.4176 	EXP 	text_lextale_practice_feedback: autoDraw = False
14.4176 	EXP 	text_lextale_practice_word: text = 'sí'
14.4176 	EXP 	text_lextale_practice_real_label: text = 'REAL'
14.4176 	EXP 	text_lextale_practice_false_label: text = 'FALSA'
14.4176 	EXP 	text_lextale_practice_label: autoDraw = True
14.6633 	EXP 	text_lextale_practice_real_label: autoDraw = True
14.6633 	EXP 	text_lextale_practice_false_label: autoDraw = True
14.7488 	DATA 	Keypress: escape
14.9484 	EXP 	window1: mouseVisible = True
