0.9361 	WARNING 	We strongly recommend you activate the PTB sound engine in PsychoPy prefs as the preferred audio engine. Its timing is vastly superior. Your prefs are currently set to use ['sounddevice', 'PTB', 'pyo', 'pygame'] (in that order).
12.5891 	WARNING 	User requested fullscreen with size [1024  768], but screen is actually [1920, 1080]. Using actual size
14.5219 	EXP 	Created window1 = Window(allowGUI=False, allowStencil=False, args=UNKNOWN, autoLog=True, bitsMode=UNKNOWN, blendMode='avg', bpc=(8, 8, 8), color=array([0., 0., 0.]), colorSpace='rgb', depthBits=8, fullscr=<method-wrapper '__getattribute__' of attributeSetter object at 0x0000018703D745F8>, gamma=None, gammaErrorPolicy='raise', kwargs=UNKNOWN, lms=UNKNOWN, monitor=<psychopy.monitors.calibTools.Monitor object at 0x0000018703E02908>, multiSample=False, name='window1', numSamples=2, pos=[0.0, 0.0], screen=0, size=array([1920, 1080]), stencilBits=0, stereo=False, units='height', useFBO=True, useRetina=False, viewOri=0.0, viewPos=None, viewScale=None, waitBlanking=True, winType='pyglet')
14.5228 	EXP 	window1: mouseVisible = True
14.5229 	EXP 	window1: recordFrameIntervals = False
14.6863 	EXP 	window1: recordFrameIntervals = True
14.8704 	EXP 	window1: recordFrameIntervals = False
15.0168 	EXP 	Created text_lextale_instructions = TextStim(__class__=<class 'psychopy.visual.text.TextStim'>, alignHoriz=method-wrapper(...), alignText='center', alignVert=method-wrapper(...), anchorHoriz='center', anchorVert='center', antialias=True, autoLog=True, bold=False, color='white', colorSpace='named', contrast=1.0, depth=0.0, flipHoriz=False, flipVert=False, font='Arial', fontFiles=[], height=0.05, italic=False, languageStyle='LTR', name='text_lextale_instructions', opacity=1.0, ori=0, pos=array([0., 0.]), rgb=array([255., 255., 255.]), text='default text', units='height', win=Window(...), wrapWidth=0.8)
15.0256 	EXP 	Created text_lextale_instructions_continue = TextStim(__class__=<class 'psychopy.visual.text.TextStim'>, alignHoriz=method-wrapper(...), alignText='center', alignVert=method-wrapper(...), anchorHoriz='center', anchorVert='center', antialias=True, autoLog=True, bold=False, color='white', colorSpace='named', contrast=1.0, depth=-2.0, flipHoriz=False, flipVert=False, font='Arial', fontFiles=[], height=0.04, italic=False, languageStyle='LTR', name='text_lextale_instructions_continue', opacity=1.0, ori=0, pos=array([ 0.  , -0.35]), rgb=array([255., 255., 255.]), text='default text', units='height', win=Window(...), wrapWidth=1)
15.0417 	EXP 	Created text_lextale_practice_label = TextStim(__class__=<class 'psychopy.visual.text.TextStim'>, alignHoriz=method-wrapper(...), alignText='center', alignVert=method-wrapper(...), anchorHoriz='center', anchorVert='center', antialias=True, autoLog=True, bold=False, color='red', colorSpace='named', contrast=1.0, depth=0.0, flipHoriz=False, flipVert=False, font='Arial', fontFiles=[], height=0.1, italic=False, languageStyle='LTR', name='text_lextale_practice_label', opacity=1.0, ori=0, pos=array([0. , 0.3]), rgb=array([255.,   0.,   0.]), text='PRÁCTICA', units='height', win=Window(...), wrapWidth=1)
15.0538 	EXP 	Created text_lextale_practice_word = TextStim(__class__=<class 'psychopy.visual.text.TextStim'>, alignHoriz=method-wrapper(...), alignText='center', alignVert=method-wrapper(...), anchorHoriz='center', anchorVert='center', antialias=True, autoLog=True, bold=False, color='blue', colorSpace='named', contrast=1.0, depth=-1.0, flipHoriz=False, flipVert=False, font='Arial', fontFiles=[], height=0.1, italic=False, languageStyle='LTR', name='text_lextale_practice_word', opacity=1.0, ori=0, pos=array([0., 0.]), rgb=array([  0.,   0., 255.]), text='default text', units='height', win=Window(...), wrapWidth=1)
15.0564 	EXP 	Created text_lextale_practice_real_label = TextStim(__class__=<class 'psychopy.visual.text.TextStim'>, alignHoriz=method-wrapper(...), alignText='center', alignVert=method-wrapper(...), anchorHoriz='center', anchorVert='center', antialias=True, autoLog=True, bold=False, color='white', colorSpace='named', contrast=1.0, depth=-3.0, flipHoriz=False, flipVert=False, font='Arial', fontFiles=[], height=0.1, italic=False, languageStyle='LTR', name='text_lextale_practice_real_label', opacity=1.0, ori=0, pos=array([-0.3, -0.3]), rgb=array([255., 255., 255.]), text='default text', units='height', win=Window(...), wrapWidth=1)
15.0584 	EXP 	Created text_lextale_practice_false_label = TextStim(__class__=<class 'psychopy.visual.text.TextStim'>, alignHoriz=method-wrapper(...), alignText='center', alignVert=method-wrapper(...), anchorHoriz='center', anchorVert='center', antialias=True, autoLog=True, bold=False, color='white', colorSpace='named', contrast=1.0, depth=-4.0, flipHoriz=False, flipVert=False, font='Arial', fontFiles=[], height=0.1, italic=False, languageStyle='LTR', name='text_lextale_practice_false_label', opacity=1.0, ori=0, pos=array([ 0.3, -0.3]), rgb=array([255., 255., 255.]), text='default text', units='height', win=Window(...), wrapWidth=1)
15.0604 	EXP 	Created text_lextale_practice_feedback = TextStim(__class__=<class 'psychopy.visual.text.TextStim'>, alignHoriz=method-wrapper(...), alignText='center', alignVert=method-wrapper(...), anchorHoriz='center', anchorVert='center', antialias=True, autoLog=True, bold=False, color='white', colorSpace='named', contrast=1.0, depth=-1.0, flipHoriz=False, flipVert=False, font='Arial', fontFiles=[], height=0.1, italic=False, languageStyle='LTR', name='text_lextale_practice_feedback', opacity=1.0, ori=0, pos=array([0., 0.]), rgb=array([255., 255., 255.]), text='default text', units='height', win=Window(...), wrapWidth=1)
15.0830 	EXP 	Created text_lextale_check = TextStim(__class__=<class 'psychopy.visual.text.TextStim'>, alignHoriz=method-wrapper(...), alignText='center', alignVert=method-wrapper(...), anchorHoriz='center', anchorVert='center', antialias=True, autoLog=True, bold=False, color='white', colorSpace='named', contrast=1.0, depth=0.0, flipHoriz=False, flipVert=False, font='Arial', fontFiles=[], height=0.1, italic=False, languageStyle='LTR', name='text_lextale_check', opacity=1.0, ori=0, pos=array([0., 0.]), rgb=array([255., 255., 255.]), text=str(...), units='height', win=Window(...), wrapWidth=1)
15.0852 	EXP 	Created text_lextale_trial_word = TextStim(__class__=<class 'psychopy.visual.text.TextStim'>, alignHoriz=method-wrapper(...), alignText='center', alignVert=method-wrapper(...), anchorHoriz='center', anchorVert='center', antialias=True, autoLog=True, bold=False, color='blue', colorSpace='named', contrast=1.0, depth=0.0, flipHoriz=False, flipVert=False, font='Arial', fontFiles=[], height=0.1, italic=False, languageStyle='LTR', name='text_lextale_trial_word', opacity=1.0, ori=0, pos=array([0., 0.]), rgb=array([  0.,   0., 255.]), text='default text', units='height', win=Window(...), wrapWidth=1)
15.0887 	EXP 	Created text_lextale_trial_real_label = TextStim(__class__=<class 'psychopy.visual.text.TextStim'>, alignHoriz=method-wrapper(...), alignText='center', alignVert=method-wrapper(...), anchorHoriz='center', anchorVert='center', antialias=True, autoLog=True, bold=False, color='white', colorSpace='named', contrast=1.0, depth=-2.0, flipHoriz=False, flipVert=False, font='Arial', fontFiles=[], height=0.1, italic=False, languageStyle='LTR', name='text_lextale_trial_real_label', opacity=1.0, ori=0, pos=array([-0.3, -0.3]), rgb=array([255., 255., 255.]), text='default text', units='height', win=Window(...), wrapWidth=1)
15.0912 	EXP 	Created text_lextale_trial_false_label = TextStim(__class__=<class 'psychopy.visual.text.TextStim'>, alignHoriz=method-wrapper(...), alignText='center', alignVert=method-wrapper(...), anchorHoriz='center', anchorVert='center', antialias=True, autoLog=True, bold=False, color='white', colorSpace='named', contrast=1.0, depth=-3.0, flipHoriz=False, flipVert=False, font='Arial', fontFiles=[], height=0.1, italic=False, languageStyle='LTR', name='text_lextale_trial_false_label', opacity=1.0, ori=0, pos=array([ 0.3, -0.3]), rgb=array([255., 255., 255.]), text='default text', units='height', win=Window(...), wrapWidth=1)
15.0967 	EXP 	Created text_eq_instructions = TextStim(__class__=<class 'psychopy.visual.text.TextStim'>, alignHoriz=method-wrapper(...), alignText='center', alignVert=method-wrapper(...), anchorHoriz='center', anchorVert='center', antialias=True, autoLog=True, bold=False, color='white', colorSpace='named', contrast=1.0, depth=-1.0, flipHoriz=False, flipVert=False, font='Arial', fontFiles=[], height=0.1, italic=False, languageStyle='LTR', name='text_eq_instructions', opacity=1.0, ori=0, pos=array([0., 0.]), rgb=array([255., 255., 255.]), text='instructions here', units='height', win=Window(...), wrapWidth=1)
15.1076 	EXP 	Created text_eq_question_trial = TextStim(__class__=<class 'psychopy.visual.text.TextStim'>, alignHoriz=method-wrapper(...), alignText='center', alignVert=method-wrapper(...), anchorHoriz='center', anchorVert='center', antialias=True, autoLog=True, bold=False, color='white', colorSpace='named', contrast=1.0, depth=0.0, flipHoriz=False, flipVert=False, font='Arial', fontFiles=[], height=0.06, italic=False, languageStyle='LTR', name='text_eq_question_trial', opacity=1.0, ori=0, pos=array([0. , 0.2]), rgb=array([255., 255., 255.]), text='default text', units='height', win=Window(...), wrapWidth=1)
15.1188 	EXP 	window1: mouseVisible = True
15.1437 	EXP 	Created slider_eq_trial = Slider(__class__=<class 'psychopy.visual.slider.Slider'>, autoDraw=False, autoLog=True, color='LightGray', depth=0, flip=False, font='HelveticaBold', granularity=1.0, labelHeight=0.02, labelWrapWidth=None, labels=list(...), name='slider_eq_trial', pos=(0, -0.2), readOnly=False, self=UNKNOWN, size=(0.8, 0.02), style=method-wrapper(...), ticks=array([0, 1, 2, 3]), units='height', win=Window(...))
15.1663 	EXP 	Imported instructions/lextale_instructions_text.csv as conditions, 4 conditions, 2 params
15.1665 	EXP 	Created sequence: sequential, trialTypes=4, nReps=1, seed=None
15.1667 	EXP 	New trial (rep=0, index=0): OrderedDict([('instructions_text', "Este es un test de vocabulario en español. \r\n  \r\n  A continuación vas a ver 90 secuencias de letras que parecen 'españolas'.\r\n  \r\n  Solo algunas de ellas son palabras de verdad."), ('continue_text', '(presiona la barra espaciadora para continuar)')])
15.2310 	EXP 	slider_eq_trial: autoLog = True
15.2310 	EXP 	slider_eq_trial: markerPos = None
15.2310 	EXP 	slider_eq_trial: rating = None
15.2310 	EXP 	slider_eq_trial: markerPos = None
15.2310 	EXP 	slider_eq_trial: contrast = 1.0
15.2310 	EXP 	slider_eq_trial: autoLog = True
15.2310 	EXP 	slider_eq_trial: style = ['rating', 'triangleMarker']
15.2310 	EXP 	text_lextale_instructions: text = "Este es un test de vocabulario en español. \r\n  \r\n  A continuación vas a ver 90 secuencias de letras que parecen 'españolas'.\r\n  \r\n  Solo algunas de ellas son palabras de verdad."
15.2310 	EXP 	text_lextale_instructions_continue: text = '(presiona la barra espaciadora para continuar)'
15.2310 	EXP 	text_lextale_instructions: autoDraw = True
15.7243 	EXP 	New trial (rep=0, index=1): OrderedDict([('instructions_text', 'Por favor, señala las palabras que tú conoces (aquellas que estás convencido que son palabras españolas, incluso aunque no seas capaz de dar el significado preciso).'), ('continue_text', '(presiona la barra espaciadora para continuar)')])
15.7423 	DATA 	Keypress: space
15.7452 	EXP 	text_lextale_instructions: autoDraw = False
15.7452 	EXP 	text_lextale_instructions_continue: autoDraw = False
15.7452 	EXP 	text_lextale_instructions: text = 'Por favor, señala las palabras que tú conoces (aquellas que estás convencido que son palabras españolas, incluso aunque no seas capaz de dar el significado preciso).'
15.7452 	EXP 	text_lextale_instructions_continue: text = '(presiona la barra espaciadora para continuar)'
15.7452 	EXP 	text_lextale_instructions: autoDraw = True
16.6233 	EXP 	New trial (rep=0, index=2): OrderedDict([('instructions_text', 'Pero cuidado: los errores se penalizan. Por eso no tiene sentido tratar de incrementar tu puntuación marcando como reales palabras que nunca has visto.'), ('continue_text', '(presiona la barra espaciadora para continuar)')])
16.6390 	DATA 	Keypress: space
16.6418 	EXP 	text_lextale_instructions: autoDraw = False
16.6418 	EXP 	text_lextale_instructions_continue: autoDraw = False
16.6418 	EXP 	text_lextale_instructions: text = 'Pero cuidado: los errores se penalizan. Por eso no tiene sentido tratar de incrementar tu puntuación marcando como reales palabras que nunca has visto.'
16.6418 	EXP 	text_lextale_instructions_continue: text = '(presiona la barra espaciadora para continuar)'
16.6418 	EXP 	text_lextale_instructions: autoDraw = True
17.1095 	EXP 	New trial (rep=0, index=3): OrderedDict([('instructions_text', 'Presiona la tecla 1 si piensas que es una palabra real y la tecla \r\n  0 si piensas que es una palabra falsa. \r\n  \r\n  Vamos a practicar un poco...'), ('continue_text', '(presiona la barra espaciadora para continuar)')])
17.1389 	DATA 	Keypress: space
17.1419 	EXP 	text_lextale_instructions: autoDraw = False
17.1419 	EXP 	text_lextale_instructions_continue: autoDraw = False
17.1419 	EXP 	text_lextale_instructions: text = 'Presiona la tecla 1 si piensas que es una palabra real y la tecla \r\n  0 si piensas que es una palabra falsa. \r\n  \r\n  Vamos a practicar un poco...'
17.1419 	EXP 	text_lextale_instructions_continue: text = '(presiona la barra espaciadora para continuar)'
17.1419 	EXP 	text_lextale_instructions: autoDraw = True
17.4758 	DATA 	Keypress: space
17.5074 	EXP 	Imported trials/lextale_practice_trials.csv as conditions, 12 conditions, 5 params
17.5080 	EXP 	Created sequence: sequential, trialTypes=12, nReps=1, seed=None
17.5088 	EXP 	New trial (rep=0, index=0): OrderedDict([('stim', 0), ('word', 'depiste'), ('correct_response', 0), ('prac_button_real', 'REAL'), ('prac_button_false', 'FALSA')])
17.5371 	EXP 	text_lextale_instructions: autoDraw = False
17.5371 	EXP 	text_lextale_instructions_continue: autoDraw = False
17.5371 	EXP 	text_lextale_practice_word: text = 'depiste'
17.5371 	EXP 	text_lextale_practice_real_label: text = 'REAL'
17.5371 	EXP 	text_lextale_practice_false_label: text = 'FALSA'
17.5371 	EXP 	text_lextale_practice_label: autoDraw = True
17.7865 	EXP 	text_lextale_practice_real_label: autoDraw = True
17.7865 	EXP 	text_lextale_practice_false_label: autoDraw = True
17.9080 	DATA 	Keypress: space
18.0366 	EXP 	text_lextale_practice_word: autoDraw = True
18.4775 	DATA 	Keypress: escape
18.7136 	EXP 	window1: mouseVisible = True
